<?xml version="1.0" encoding="UTF-8"?>
<testng-results skipped="0" failed="0" total="1" passed="1">
  <reporter-output>
  </reporter-output>
  <suite name="nopCommerceV1" duration-ms="22568" started-at="2022-04-13T13:55:57Z" finished-at="2022-04-13T13:56:20Z">
    <groups>
    </groups>
    <test name="CommerceApp Test" duration-ms="22568" started-at="2022-04-13T13:55:57Z" finished-at="2022-04-13T13:56:20Z">
      <class name="com.nopCommerceV1.testCases.TC_AddtoCartTest_001">
        <test-method status="PASS" signature="setUp(java.lang.String)[pri:0, instance:com.nopCommerceV1.testCases.TC_AddtoCartTest_001@7ac7a4e4]" name="setUp" is-config="true" duration-ms="3930" started-at="2022-04-13T19:25:58Z" finished-at="2022-04-13T19:26:02Z">
          <params>
            <param index="0">
              <value>
                <![CDATA[chrome]]>
              </value>
            </param>
          </params>
          <reporter-output>
          </reporter-output>
        </test-method> <!-- setUp -->
        <test-method status="PASS" signature="addtoCartTest()[pri:0, instance:com.nopCommerceV1.testCases.TC_AddtoCartTest_001@7ac7a4e4]" name="addtoCartTest" duration-ms="17856" started-at="2022-04-13T19:26:02Z" finished-at="2022-04-13T19:26:19Z">
          <reporter-output>
          </reporter-output>
        </test-method> <!-- addtoCartTest -->
        <test-method status="PASS" signature="tearDown()[pri:0, instance:com.nopCommerceV1.testCases.TC_AddtoCartTest_001@7ac7a4e4]" name="tearDown" is-config="true" duration-ms="621" started-at="2022-04-13T19:26:19Z" finished-at="2022-04-13T19:26:20Z">
          <reporter-output>
          </reporter-output>
        </test-method> <!-- tearDown -->
      </class> <!-- com.nopCommerceV1.testCases.TC_AddtoCartTest_001 -->
    </test> <!-- CommerceApp Test -->
  </suite> <!-- nopCommerceV1 -->
</testng-results>
