<?xml version="1.0" encoding="UTF-8"?>
<testng-results skipped="0" failed="0" total="1" passed="1">
  <reporter-output>
  </reporter-output>
  <suite name="nopCommerceV1" duration-ms="33832" started-at="2022-04-13T13:53:44Z" finished-at="2022-04-13T13:54:18Z">
    <groups>
    </groups>
    <test name="CommerceApp Test" duration-ms="33832" started-at="2022-04-13T13:53:44Z" finished-at="2022-04-13T13:54:18Z">
      <class name="com.nopCommerceV1.testCases.TC_AddtoCartTest_001">
        <test-method status="PASS" signature="setUp(java.lang.String)[pri:0, instance:com.nopCommerceV1.testCases.TC_AddtoCartTest_001@31dc339b]" name="setUp" is-config="true" duration-ms="6467" started-at="2022-04-13T19:23:44Z" finished-at="2022-04-13T19:23:51Z">
          <params>
            <param index="0">
              <value>
                <![CDATA[chrome]]>
              </value>
            </param>
          </params>
          <reporter-output>
          </reporter-output>
        </test-method> <!-- setUp -->
        <test-method status="PASS" signature="addtoCartTest()[pri:0, instance:com.nopCommerceV1.testCases.TC_AddtoCartTest_001@31dc339b]" name="addtoCartTest" duration-ms="26473" started-at="2022-04-13T19:23:51Z" finished-at="2022-04-13T19:24:17Z">
          <reporter-output>
          </reporter-output>
        </test-method> <!-- addtoCartTest -->
        <test-method status="PASS" signature="tearDown()[pri:0, instance:com.nopCommerceV1.testCases.TC_AddtoCartTest_001@31dc339b]" name="tearDown" is-config="true" duration-ms="636" started-at="2022-04-13T19:24:17Z" finished-at="2022-04-13T19:24:18Z">
          <reporter-output>
          </reporter-output>
        </test-method> <!-- tearDown -->
      </class> <!-- com.nopCommerceV1.testCases.TC_AddtoCartTest_001 -->
    </test> <!-- CommerceApp Test -->
  </suite> <!-- nopCommerceV1 -->
</testng-results>
